app/build/intermediates/manifest_merge_blame_file/debug/manifest-merger-blame-debug-report.txt
1<?xml version="1.0" encoding="utf-8"?>
2<manifest xmlns:android="http://schemas.android.com/apk/res/android"
3    package="com.nineleaps.eazipoc"
4    android:versionCode="1"
5    android:versionName="1.0" >
6
7    <uses-sdk
8        android:minSdkVersion="17"
8-->src/main/AndroidManifest.xml
9        android:targetSdkVersion="29" />
9-->src/main/AndroidManifest.xml
10
11    <uses-permission android:name="android.permission.INTERNET" />
11-->src/main/AndroidManifest.xml:5:5-67
11-->src/main/AndroidManifest.xml:5:22-64
12    <uses-permission android:name="android.permission.READ_CONTACTS" />
12-->src/main/AndroidManifest.xml:6:5-71
12-->src/main/AndroidManifest.xml:6:22-69
13    <uses-permission android:name="android.permission.WRITE_CONTACTS" />
13-->src/main/AndroidManifest.xml:7:5-72
13-->src/main/AndroidManifest.xml:7:22-70
14
15    <application
15-->src/main/AndroidManifest.xml:9:5-31:19
16        android:name="com.nineleaps.eazipoc.ApplicationClass"
16-->src/main/AndroidManifest.xml:10:9-41
17        android:allowBackup="true"
17-->src/main/AndroidManifest.xml:11:9-35
18        android:appComponentFactory="androidx.core.app.CoreComponentFactory"
18-->[androidx.core:core:1.3.1] AndroidManifest.xml:24:18-86
19        android:debuggable="true"
20        android:icon="@mipmap/ic_launcher"
20-->src/main/AndroidManifest.xml:12:9-43
21        android:label="@string/app_name"
21-->src/main/AndroidManifest.xml:13:9-41
22        android:roundIcon="@mipmap/ic_launcher_round"
22-->src/main/AndroidManifest.xml:14:9-54
23        android:supportsRtl="true"
23-->src/main/AndroidManifest.xml:15:9-35
24        android:testOnly="true"
25        android:theme="@style/AppTheme" >
25-->src/main/AndroidManifest.xml:16:9-40
26        <activity android:name="com.nineleaps.eazipoc.views.ListOfContactsActivity" />
26-->src/main/AndroidManifest.xml:17:9-75
26-->src/main/AndroidManifest.xml:17:19-63
27        <activity android:name="com.nineleaps.eazipoc.views.GroupDetailsActivity" />
27-->src/main/AndroidManifest.xml:18:9-64
27-->src/main/AndroidManifest.xml:18:19-61
28        <activity android:name="com.nineleaps.eazipoc.views.GroupsActivity" />
28-->src/main/AndroidManifest.xml:19:9-58
28-->src/main/AndroidManifest.xml:19:19-55
29        <activity android:name="com.nineleaps.eazipoc.views.SplashActivity" >
29-->src/main/AndroidManifest.xml:20:9-26:20
29-->src/main/AndroidManifest.xml:20:19-55
30            <intent-filter>
30-->src/main/AndroidManifest.xml:21:13-25:29
31                <action android:name="android.intent.action.MAIN" />
31-->src/main/AndroidManifest.xml:22:17-69
31-->src/main/AndroidManifest.xml:22:25-66
32
33                <category android:name="android.intent.category.LAUNCHER" />
33-->src/main/AndroidManifest.xml:24:17-77
33-->src/main/AndroidManifest.xml:24:27-74
34            </intent-filter>
35        </activity>
36        <activity android:name="com.nineleaps.eazipoc.views.LoginActivity" />
36-->src/main/AndroidManifest.xml:27:9-57
36-->src/main/AndroidManifest.xml:27:19-54
37
38        <service android:name="com.nineleaps.eazipoc.ConnectionService" />
38-->src/main/AndroidManifest.xml:29:9-54
38-->src/main/AndroidManifest.xml:29:18-51
39        <service android:name="com.nineleaps.eazipoc.UserService" />
39-->src/main/AndroidManifest.xml:30:9-48
39-->src/main/AndroidManifest.xml:30:18-45
40
41        <provider
41-->[androidx.lifecycle:lifecycle-process:2.2.0] AndroidManifest.xml:25:9-29:43
42            android:name="androidx.lifecycle.ProcessLifecycleOwnerInitializer"
42-->[androidx.lifecycle:lifecycle-process:2.2.0] AndroidManifest.xml:26:13-79
43            android:authorities="com.nineleaps.eazipoc.lifecycle-process"
43-->[androidx.lifecycle:lifecycle-process:2.2.0] AndroidManifest.xml:27:13-69
44            android:exported="false"
44-->[androidx.lifecycle:lifecycle-process:2.2.0] AndroidManifest.xml:28:13-37
45            android:multiprocess="true" />
45-->[androidx.lifecycle:lifecycle-process:2.2.0] AndroidManifest.xml:29:13-40
46    </application>
47
48</manifest>